{"total": {"lines":{"total":4714,"covered":109,"skipped":0,"pct":2.31},"statements":{"total":4811,"covered":111,"skipped":0,"pct":2.3},"functions":{"total":844,"covered":27,"skipped":0,"pct":3.19},"branches":{"total":2224,"covered":45,"skipped":0,"pct":2.02},"branchesTrue":{"total":0,"covered":0,"skipped":0,"pct":100}}
,"C:\\Users\\amada\\OneDrive\\Área de Trabalho\\Brimu\\Backend\\src\\cache\\redisClient.ts": {"lines":{"total":102,"covered":10,"skipped":0,"pct":9.8},"functions":{"total":17,"covered":2,"skipped":0,"pct":11.76},"statements":{"total":103,"covered":10,"skipped":0,"pct":9.7},"branches":{"total":52,"covered":6,"skipped":0,"pct":11.53}}
,"C:\\Users\\amada\\OneDrive\\Área de Trabalho\\Brimu\\Backend\\src\\config\\database.ts": {"lines":{"total":39,"covered":0,"skipped":0,"pct":0},"functions":{"total":8,"covered":0,"skipped":0,"pct":0},"statements":{"total":39,"covered":0,"skipped":0,"pct":0},"branches":{"total":11,"covered":0,"skipped":0,"pct":0}}
,"C:\\Users\\amada\\OneDrive\\Área de Trabalho\\Brimu\\Backend\\src\\config\\logsPatterns.ts": {"lines":{"total":5,"covered":5,"skipped":0,"pct":100},"functions":{"total":0,"covered":0,"skipped":0,"pct":100},"statements":{"total":5,"covered":5,"skipped":0,"pct":100},"branches":{"total":0,"covered":0,"skipped":0,"pct":100}}
,"C:\\Users\\amada\\OneDrive\\Área de Trabalho\\Brimu\\Backend\\src\\config\\upload.ts": {"lines":{"total":45,"covered":0,"skipped":0,"pct":0},"functions":{"total":7,"covered":0,"skipped":0,"pct":0},"statements":{"total":45,"covered":0,"skipped":0,"pct":0},"branches":{"total":17,"covered":0,"skipped":0,"pct":0}}
,"C:\\Users\\amada\\OneDrive\\Área de Trabalho\\Brimu\\Backend\\src\\controllers\\reportsController.ts": {"lines":{"total":81,"covered":0,"skipped":0,"pct":0},"functions":{"total":11,"covered":0,"skipped":0,"pct":0},"statements":{"total":81,"covered":0,"skipped":0,"pct":0},"branches":{"total":23,"covered":0,"skipped":0,"pct":0}}
,"C:\\Users\\amada\\OneDrive\\Área de Trabalho\\Brimu\\Backend\\src\\logging\\logger.ts": {"lines":{"total":23,"covered":13,"skipped":0,"pct":56.52},"functions":{"total":13,"covered":2,"skipped":0,"pct":15.38},"statements":{"total":24,"covered":13,"skipped":0,"pct":54.16},"branches":{"total":13,"covered":9,"skipped":0,"pct":69.23}}
,"C:\\Users\\amada\\OneDrive\\Área de Trabalho\\Brimu\\Backend\\src\\middleware\\auth.ts": {"lines":{"total":52,"covered":0,"skipped":0,"pct":0},"functions":{"total":5,"covered":0,"skipped":0,"pct":0},"statements":{"total":52,"covered":0,"skipped":0,"pct":0},"branches":{"total":35,"covered":0,"skipped":0,"pct":0}}
,"C:\\Users\\amada\\OneDrive\\Área de Trabalho\\Brimu\\Backend\\src\\middleware\\cache.ts": {"lines":{"total":65,"covered":0,"skipped":0,"pct":0},"functions":{"total":20,"covered":0,"skipped":0,"pct":0},"statements":{"total":69,"covered":0,"skipped":0,"pct":0},"branches":{"total":41,"covered":0,"skipped":0,"pct":0}}
,"C:\\Users\\amada\\OneDrive\\Área de Trabalho\\Brimu\\Backend\\src\\middleware\\metricsMiddleware.ts": {"lines":{"total":56,"covered":0,"skipped":0,"pct":0},"functions":{"total":10,"covered":0,"skipped":0,"pct":0},"statements":{"total":57,"covered":0,"skipped":0,"pct":0},"branches":{"total":33,"covered":0,"skipped":0,"pct":0}}
,"C:\\Users\\amada\\OneDrive\\Área de Trabalho\\Brimu\\Backend\\src\\middleware\\realTimeMonitoring.ts": {"lines":{"total":136,"covered":0,"skipped":0,"pct":0},"functions":{"total":38,"covered":0,"skipped":0,"pct":0},"statements":{"total":147,"covered":0,"skipped":0,"pct":0},"branches":{"total":52,"covered":0,"skipped":0,"pct":0}}
,"C:\\Users\\amada\\OneDrive\\Área de Trabalho\\Brimu\\Backend\\src\\middleware\\requestLogger.ts": {"lines":{"total":26,"covered":0,"skipped":0,"pct":0},"functions":{"total":4,"covered":0,"skipped":0,"pct":0},"statements":{"total":26,"covered":0,"skipped":0,"pct":0},"branches":{"total":9,"covered":0,"skipped":0,"pct":0}}
,"C:\\Users\\amada\\OneDrive\\Área de Trabalho\\Brimu\\Backend\\src\\middleware\\security.ts": {"lines":{"total":163,"covered":0,"skipped":0,"pct":0},"functions":{"total":32,"covered":0,"skipped":0,"pct":0},"statements":{"total":169,"covered":0,"skipped":0,"pct":0},"branches":{"total":86,"covered":0,"skipped":0,"pct":0}}
,"C:\\Users\\amada\\OneDrive\\Área de Trabalho\\Brimu\\Backend\\src\\middleware\\validation.ts": {"lines":{"total":92,"covered":0,"skipped":0,"pct":0},"functions":{"total":11,"covered":0,"skipped":0,"pct":0},"statements":{"total":92,"covered":0,"skipped":0,"pct":0},"branches":{"total":67,"covered":0,"skipped":0,"pct":0}}
,"C:\\Users\\amada\\OneDrive\\Área de Trabalho\\Brimu\\Backend\\src\\models\\Calendar.ts": {"lines":{"total":89,"covered":0,"skipped":0,"pct":0},"functions":{"total":12,"covered":0,"skipped":0,"pct":0},"statements":{"total":91,"covered":0,"skipped":0,"pct":0},"branches":{"total":65,"covered":0,"skipped":0,"pct":0}}
,"C:\\Users\\amada\\OneDrive\\Área de Trabalho\\Brimu\\Backend\\src\\models\\Equipment.ts": {"lines":{"total":58,"covered":0,"skipped":0,"pct":0},"functions":{"total":8,"covered":0,"skipped":0,"pct":0},"statements":{"total":58,"covered":0,"skipped":0,"pct":0},"branches":{"total":25,"covered":0,"skipped":0,"pct":0}}
,"C:\\Users\\amada\\OneDrive\\Área de Trabalho\\Brimu\\Backend\\src\\models\\File.ts": {"lines":{"total":66,"covered":0,"skipped":0,"pct":0},"functions":{"total":12,"covered":0,"skipped":0,"pct":0},"statements":{"total":67,"covered":0,"skipped":0,"pct":0},"branches":{"total":42,"covered":0,"skipped":0,"pct":0}}
,"C:\\Users\\amada\\OneDrive\\Área de Trabalho\\Brimu\\Backend\\src\\models\\Order.ts": {"lines":{"total":127,"covered":0,"skipped":0,"pct":0},"functions":{"total":29,"covered":0,"skipped":0,"pct":0},"statements":{"total":131,"covered":0,"skipped":0,"pct":0},"branches":{"total":44,"covered":0,"skipped":0,"pct":0}}
,"C:\\Users\\amada\\OneDrive\\Área de Trabalho\\Brimu\\Backend\\src\\models\\Payment.ts": {"lines":{"total":101,"covered":0,"skipped":0,"pct":0},"functions":{"total":23,"covered":0,"skipped":0,"pct":0},"statements":{"total":101,"covered":0,"skipped":0,"pct":0},"branches":{"total":41,"covered":0,"skipped":0,"pct":0}}
,"C:\\Users\\amada\\OneDrive\\Área de Trabalho\\Brimu\\Backend\\src\\models\\Quote.ts": {"lines":{"total":105,"covered":0,"skipped":0,"pct":0},"functions":{"total":24,"covered":0,"skipped":0,"pct":0},"statements":{"total":105,"covered":0,"skipped":0,"pct":0},"branches":{"total":34,"covered":0,"skipped":0,"pct":0}}
,"C:\\Users\\amada\\OneDrive\\Área de Trabalho\\Brimu\\Backend\\src\\models\\Service.ts": {"lines":{"total":45,"covered":0,"skipped":0,"pct":0},"functions":{"total":9,"covered":0,"skipped":0,"pct":0},"statements":{"total":45,"covered":0,"skipped":0,"pct":0},"branches":{"total":25,"covered":0,"skipped":0,"pct":0}}
,"C:\\Users\\amada\\OneDrive\\Área de Trabalho\\Brimu\\Backend\\src\\models\\User.ts": {"lines":{"total":76,"covered":0,"skipped":0,"pct":0},"functions":{"total":14,"covered":0,"skipped":0,"pct":0},"statements":{"total":76,"covered":0,"skipped":0,"pct":0},"branches":{"total":23,"covered":0,"skipped":0,"pct":0}}
,"C:\\Users\\amada\\OneDrive\\Área de Trabalho\\Brimu\\Backend\\src\\monitoring\\healthCheck.ts": {"lines":{"total":80,"covered":0,"skipped":0,"pct":0},"functions":{"total":14,"covered":0,"skipped":0,"pct":0},"statements":{"total":83,"covered":0,"skipped":0,"pct":0},"branches":{"total":37,"covered":0,"skipped":0,"pct":0}}
,"C:\\Users\\amada\\OneDrive\\Área de Trabalho\\Brimu\\Backend\\src\\routes\\auth.ts": {"lines":{"total":128,"covered":0,"skipped":0,"pct":0},"functions":{"total":11,"covered":0,"skipped":0,"pct":0},"statements":{"total":130,"covered":0,"skipped":0,"pct":0},"branches":{"total":72,"covered":0,"skipped":0,"pct":0}}
,"C:\\Users\\amada\\OneDrive\\Área de Trabalho\\Brimu\\Backend\\src\\routes\\backup.ts": {"lines":{"total":100,"covered":0,"skipped":0,"pct":0},"functions":{"total":11,"covered":0,"skipped":0,"pct":0},"statements":{"total":100,"covered":0,"skipped":0,"pct":0},"branches":{"total":27,"covered":0,"skipped":0,"pct":0}}
,"C:\\Users\\amada\\OneDrive\\Área de Trabalho\\Brimu\\Backend\\src\\routes\\calendarRoutes.ts": {"lines":{"total":205,"covered":0,"skipped":0,"pct":0},"functions":{"total":64,"covered":0,"skipped":0,"pct":0},"statements":{"total":223,"covered":0,"skipped":0,"pct":0},"branches":{"total":150,"covered":0,"skipped":0,"pct":0}}
,"C:\\Users\\amada\\OneDrive\\Área de Trabalho\\Brimu\\Backend\\src\\routes\\equipmentRoutes.ts": {"lines":{"total":161,"covered":0,"skipped":0,"pct":0},"functions":{"total":32,"covered":0,"skipped":0,"pct":0},"statements":{"total":173,"covered":0,"skipped":0,"pct":0},"branches":{"total":74,"covered":0,"skipped":0,"pct":0}}
,"C:\\Users\\amada\\OneDrive\\Área de Trabalho\\Brimu\\Backend\\src\\routes\\logsRoutes.ts": {"lines":{"total":162,"covered":0,"skipped":0,"pct":0},"functions":{"total":15,"covered":0,"skipped":0,"pct":0},"statements":{"total":162,"covered":0,"skipped":0,"pct":0},"branches":{"total":89,"covered":0,"skipped":0,"pct":0}}
,"C:\\Users\\amada\\OneDrive\\Área de Trabalho\\Brimu\\Backend\\src\\routes\\metricsRoutes.ts": {"lines":{"total":93,"covered":0,"skipped":0,"pct":0},"functions":{"total":19,"covered":0,"skipped":0,"pct":0},"statements":{"total":93,"covered":0,"skipped":0,"pct":0},"branches":{"total":24,"covered":0,"skipped":0,"pct":0}}
,"C:\\Users\\amada\\OneDrive\\Área de Trabalho\\Brimu\\Backend\\src\\routes\\notificationRoutes.ts": {"lines":{"total":89,"covered":0,"skipped":0,"pct":0},"functions":{"total":12,"covered":0,"skipped":0,"pct":0},"statements":{"total":89,"covered":0,"skipped":0,"pct":0},"branches":{"total":51,"covered":0,"skipped":0,"pct":0}}
,"C:\\Users\\amada\\OneDrive\\Área de Trabalho\\Brimu\\Backend\\src\\routes\\orderRoutes.ts": {"lines":{"total":190,"covered":0,"skipped":0,"pct":0},"functions":{"total":17,"covered":0,"skipped":0,"pct":0},"statements":{"total":190,"covered":0,"skipped":0,"pct":0},"branches":{"total":74,"covered":0,"skipped":0,"pct":0}}
,"C:\\Users\\amada\\OneDrive\\Área de Trabalho\\Brimu\\Backend\\src\\routes\\paymentRoutes.ts": {"lines":{"total":177,"covered":0,"skipped":0,"pct":0},"functions":{"total":16,"covered":0,"skipped":0,"pct":0},"statements":{"total":177,"covered":0,"skipped":0,"pct":0},"branches":{"total":66,"covered":0,"skipped":0,"pct":0}}
,"C:\\Users\\amada\\OneDrive\\Área de Trabalho\\Brimu\\Backend\\src\\routes\\quoteRoutes.ts": {"lines":{"total":225,"covered":0,"skipped":0,"pct":0},"functions":{"total":23,"covered":0,"skipped":0,"pct":0},"statements":{"total":226,"covered":0,"skipped":0,"pct":0},"branches":{"total":96,"covered":0,"skipped":0,"pct":0}}
,"C:\\Users\\amada\\OneDrive\\Área de Trabalho\\Brimu\\Backend\\src\\routes\\reportRoutes.ts": {"lines":{"total":26,"covered":0,"skipped":0,"pct":0},"functions":{"total":2,"covered":0,"skipped":0,"pct":0},"statements":{"total":26,"covered":0,"skipped":0,"pct":0},"branches":{"total":7,"covered":0,"skipped":0,"pct":0}}
,"C:\\Users\\amada\\OneDrive\\Área de Trabalho\\Brimu\\Backend\\src\\routes\\securityAdmin.ts": {"lines":{"total":108,"covered":0,"skipped":0,"pct":0},"functions":{"total":14,"covered":0,"skipped":0,"pct":0},"statements":{"total":108,"covered":0,"skipped":0,"pct":0},"branches":{"total":29,"covered":0,"skipped":0,"pct":0}}
,"C:\\Users\\amada\\OneDrive\\Área de Trabalho\\Brimu\\Backend\\src\\routes\\serviceRoutes.ts": {"lines":{"total":92,"covered":0,"skipped":0,"pct":0},"functions":{"total":10,"covered":0,"skipped":0,"pct":0},"statements":{"total":92,"covered":0,"skipped":0,"pct":0},"branches":{"total":34,"covered":0,"skipped":0,"pct":0}}
,"C:\\Users\\amada\\OneDrive\\Área de Trabalho\\Brimu\\Backend\\src\\routes\\upload.ts": {"lines":{"total":217,"covered":0,"skipped":0,"pct":0},"functions":{"total":17,"covered":0,"skipped":0,"pct":0},"statements":{"total":217,"covered":0,"skipped":0,"pct":0},"branches":{"total":99,"covered":0,"skipped":0,"pct":0}}
,"C:\\Users\\amada\\OneDrive\\Área de Trabalho\\Brimu\\Backend\\src\\schemas\\equipment.ts": {"lines":{"total":8,"covered":0,"skipped":0,"pct":0},"functions":{"total":1,"covered":0,"skipped":0,"pct":0},"statements":{"total":8,"covered":0,"skipped":0,"pct":0},"branches":{"total":7,"covered":0,"skipped":0,"pct":0}}
,"C:\\Users\\amada\\OneDrive\\Área de Trabalho\\Brimu\\Backend\\src\\schemas\\user.ts": {"lines":{"total":9,"covered":0,"skipped":0,"pct":0},"functions":{"total":1,"covered":0,"skipped":0,"pct":0},"statements":{"total":9,"covered":0,"skipped":0,"pct":0},"branches":{"total":7,"covered":0,"skipped":0,"pct":0}}
,"C:\\Users\\amada\\OneDrive\\Área de Trabalho\\Brimu\\Backend\\src\\services\\advancedLoggingService.ts": {"lines":{"total":202,"covered":25,"skipped":0,"pct":12.37},"functions":{"total":69,"covered":8,"skipped":0,"pct":11.59},"statements":{"total":218,"covered":26,"skipped":0,"pct":11.92},"branches":{"total":147,"covered":9,"skipped":0,"pct":6.12}}
,"C:\\Users\\amada\\OneDrive\\Área de Trabalho\\Brimu\\Backend\\src\\services\\notificationService.ts": {"lines":{"total":158,"covered":19,"skipped":0,"pct":12.02},"functions":{"total":45,"covered":6,"skipped":0,"pct":13.33},"statements":{"total":163,"covered":20,"skipped":0,"pct":12.26},"branches":{"total":73,"covered":6,"skipped":0,"pct":8.21}}
,"C:\\Users\\amada\\OneDrive\\Área de Trabalho\\Brimu\\Backend\\src\\services\\reportService.ts": {"lines":{"total":72,"covered":0,"skipped":0,"pct":0},"functions":{"total":11,"covered":0,"skipped":0,"pct":0},"statements":{"total":72,"covered":0,"skipped":0,"pct":0},"branches":{"total":18,"covered":0,"skipped":0,"pct":0}}
,"C:\\Users\\amada\\OneDrive\\Área de Trabalho\\Brimu\\Backend\\src\\utils\\backupManager.ts": {"lines":{"total":195,"covered":0,"skipped":0,"pct":0},"functions":{"total":24,"covered":0,"skipped":0,"pct":0},"statements":{"total":196,"covered":0,"skipped":0,"pct":0},"branches":{"total":54,"covered":0,"skipped":0,"pct":0}}
,"C:\\Users\\amada\\OneDrive\\Área de Trabalho\\Brimu\\Backend\\src\\utils\\cache.ts": {"lines":{"total":134,"covered":0,"skipped":0,"pct":0},"functions":{"total":37,"covered":0,"skipped":0,"pct":0},"statements":{"total":136,"covered":0,"skipped":0,"pct":0},"branches":{"total":63,"covered":0,"skipped":0,"pct":0}}
,"C:\\Users\\amada\\OneDrive\\Área de Trabalho\\Brimu\\Backend\\src\\utils\\fileManager.ts": {"lines":{"total":128,"covered":0,"skipped":0,"pct":0},"functions":{"total":20,"covered":0,"skipped":0,"pct":0},"statements":{"total":129,"covered":0,"skipped":0,"pct":0},"branches":{"total":51,"covered":0,"skipped":0,"pct":0}}
,"C:\\Users\\amada\\OneDrive\\Área de Trabalho\\Brimu\\Backend\\src\\utils\\logger.ts": {"lines":{"total":80,"covered":37,"skipped":0,"pct":46.25},"functions":{"total":23,"covered":9,"skipped":0,"pct":39.13},"statements":{"total":80,"covered":37,"skipped":0,"pct":46.25},"branches":{"total":62,"covered":15,"skipped":0,"pct":24.19}}
,"C:\\Users\\amada\\OneDrive\\Área de Trabalho\\Brimu\\Backend\\src\\utils\\metricsAlerts.ts": {"lines":{"total":96,"covered":0,"skipped":0,"pct":0},"functions":{"total":21,"covered":0,"skipped":0,"pct":0},"statements":{"total":98,"covered":0,"skipped":0,"pct":0},"branches":{"total":47,"covered":0,"skipped":0,"pct":0}}
,"C:\\Users\\amada\\OneDrive\\Área de Trabalho\\Brimu\\Backend\\src\\utils\\queryHelpers.ts": {"lines":{"total":12,"covered":0,"skipped":0,"pct":0},"functions":{"total":4,"covered":0,"skipped":0,"pct":0},"statements":{"total":15,"covered":0,"skipped":0,"pct":0},"branches":{"total":10,"covered":0,"skipped":0,"pct":0}}
,"C:\\Users\\amada\\OneDrive\\Área de Trabalho\\Brimu\\Backend\\src\\utils\\typeWorkarounds.ts": {"lines":{"total":15,"covered":0,"skipped":0,"pct":0},"functions":{"total":4,"covered":0,"skipped":0,"pct":0},"statements":{"total":15,"covered":0,"skipped":0,"pct":0},"branches":{"total":18,"covered":0,"skipped":0,"pct":0}}
}
